<?xml version="1.0" encoding="UTF-8"?>
<testng-results skipped="0" failed="0" ignored="0" total="1" passed="1">
  <reporter-output>
  </reporter-output>
  <suite name="Default suite" duration-ms="48344" started-at="2019-06-20T05:47:39Z" finished-at="2019-06-20T05:48:28Z">
    <groups>
    </groups>
    <test name="Default test" duration-ms="48344" started-at="2019-06-20T05:47:39Z" finished-at="2019-06-20T05:48:28Z">
      <class name="com.training.sanity.tests.AdminCategoryTest">
        <test-method status="PASS" signature="extentreport()[pri:0, instance:com.training.sanity.tests.AdminCategoryTest@7cd62f43]" name="extentreport" is-config="true" duration-ms="126" started-at="2019-06-20T05:47:39Z" finished-at="2019-06-20T05:47:39Z">
          <reporter-output>
          </reporter-output>
        </test-method> <!-- extentreport -->
        <test-method status="PASS" signature="setUpBeforeClass()[pri:0, instance:com.training.sanity.tests.AdminCategoryTest@7cd62f43]" name="setUpBeforeClass" is-config="true" duration-ms="2" started-at="2019-06-20T05:47:39Z" finished-at="2019-06-20T05:47:39Z">
          <reporter-output>
          </reporter-output>
        </test-method> <!-- setUpBeforeClass -->
        <test-method status="PASS" signature="setUp()[pri:0, instance:com.training.sanity.tests.AdminCategoryTest@7cd62f43]" name="setUp" is-config="true" duration-ms="6453" started-at="2019-06-20T05:47:39Z" finished-at="2019-06-20T05:47:46Z">
          <reporter-output>
          </reporter-output>
        </test-method> <!-- setUp -->
        <test-method status="PASS" signature="validLoginTest()[pri:0, instance:com.training.sanity.tests.AdminCategoryTest@7cd62f43]" name="validLoginTest" duration-ms="39781" started-at="2019-06-20T05:47:46Z" finished-at="2019-06-20T05:48:26Z">
          <reporter-output>
          </reporter-output>
        </test-method> <!-- validLoginTest -->
        <test-method status="PASS" signature="tearDown()[pri:0, instance:com.training.sanity.tests.AdminCategoryTest@7cd62f43]" name="tearDown" is-config="true" duration-ms="1957" started-at="2019-06-20T05:48:26Z" finished-at="2019-06-20T05:48:28Z">
          <reporter-output>
          </reporter-output>
        </test-method> <!-- tearDown -->
      </class> <!-- com.training.sanity.tests.AdminCategoryTest -->
    </test> <!-- Default test -->
  </suite> <!-- Default suite -->
</testng-results>
